<html>
<head>
<title>TestNG:  Default test</title>
<link href="../testng.css" rel="stylesheet" type="text/css" />
<link href="../my-testng.css" rel="stylesheet" type="text/css" />

<style type="text/css">
.log { display: none;} 
.stack-trace { display: none;} 
</style>
<script type="text/javascript">
<!--
function flip(e) {
  current = e.style.display;
  if (current == 'block') {
    e.style.display = 'none';
    return 0;
  }
  else {
    e.style.display = 'block';
    return 1;
  }
}

function toggleBox(szDivId, elem, msg1, msg2)
{
  var res = -1;  if (document.getElementById) {
    res = flip(document.getElementById(szDivId));
  }
  else if (document.all) {
    // this is the way old msie versions work
    res = flip(document.all[szDivId]);
  }
  if(elem) {
    if(res == 0) elem.innerHTML = msg1; else elem.innerHTML = msg2;
  }

}

function toggleAllBoxes() {
  if (document.getElementsByTagName) {
    d = document.getElementsByTagName('div');
    for (i = 0; i < d.length; i++) {
      if (d[i].className == 'log') {
        flip(d[i]);
      }
    }
  }
}

// -->
</script>

</head>
<body>
<h2 align='center'>Default test</h2><table border='1' align="center">
<tr>
<td>Tests passed/Failed/Skipped:</td><td>12/1/0</td>
</tr><tr>
<td>Started on:</td><td>Sat Mar 06 11:18:33 IST 2021</td>
</tr>
<tr><td>Total time:</td><td>14 seconds (14973 ms)</td>
</tr><tr>
<td>Included groups:</td><td></td>
</tr><tr>
<td>Excluded groups:</td><td></td>
</tr>
</table><p/>
<small><i>(Hover the method name to see the test class name)</i></small><p/>
<table width='100%' border='1' class='invocation-failed'>
<tr><td colspan='4' align='center'><b>FAILED TESTS</b></td></tr>
<tr><td><b>Test method</b></td>
<td width="30%"><b>Exception</b></td>
<td width="10%"><b>Time (seconds)</b></td>
<td><b>Instance</b></td>
</tr>
<tr>
<td title='ObjectMapper.POSTCall1()'><b>POSTCall1</b><br>Test class: ObjectMapper</td>
<td><div><pre>java.lang.AssertionError: expected [201] but found [500]
	at org.testng.Assert.fail(Assert.java:94)
	at org.testng.Assert.failNotEquals(Assert.java:494)
	at org.testng.Assert.assertEquals(Assert.java:123)
	at org.testng.Assert.assertEquals(Assert.java:370)
	at org.testng.Assert.assertEquals(Assert.java:380)
	at ObjectMapper.POSTCall1(ObjectMapper.java:37)
	at java.base/jdk.internal.reflect.NativeMethodAccessorImpl.invoke0(Native Method)
	at java.base/jdk.internal.reflect.NativeMethodAccessorImpl.invoke(NativeMethodAccessorImpl.java:64)
	at java.base/jdk.internal.reflect.DelegatingMethodAccessorImpl.invoke(DelegatingMethodAccessorImpl.java:43)
	at java.base/java.lang.reflect.Method.invoke(Method.java:564)
	at org.testng.internal.MethodInvocationHelper.invokeMethod(MethodInvocationHelper.java:80)
	at org.testng.internal.Invoker.invokeMethod(Invoker.java:714)
	at org.testng.internal.Invoker.invokeTestMethod(Invoker.java:901)
	at org.testng.internal.Invoker.invokeTestMethods(Invoker.java:1231)
	at org.testng.internal.TestMethodWorker.invokeTestMethods(TestMethodWorker.java:127)
	at org.testng.internal.TestMethodWorker.run(TestMethodWorker.java:111)
	at org.testng.TestRunner.privateRun(TestRunner.java:767)
	at org.testng.TestRunner.run(TestRunner.java:617)
	at org.testng.SuiteRunner.runTest(SuiteRunner.java:334)
	at org.testng.SuiteRunner.runSequentially(SuiteRunner.java:329)
	at org.testng.SuiteRunner.privateRun(SuiteRunner.java:291)
	at org.testng.SuiteRunner.run(SuiteRunner.java:240)
	at org.testng.SuiteRunnerWorker.runSuite(SuiteRunnerWorker.java:52)
	at org.testng.SuiteRunnerWorker.run(SuiteRunnerWorker.java:86)
	at org.testng.TestNG.runSuitesSequentially(TestNG.java:1198)
	at org.testng.TestNG.runSuitesLocally(TestNG.java:1123)
	at org.testng.TestNG.run(TestNG.java:1031)
	at org.testng.remote.AbstractRemoteTestNG.run(AbstractRemoteTestNG.java:115)
	at org.testng.remote.RemoteTestNG.initAndRun(RemoteTestNG.java:251)
	at org.testng.remote.RemoteTestNG.main(RemoteTestNG.java:77)
</pre></div><a href='#' onClick='toggleBox("stack-trace1561005241", this, "Click to show all stack frames", "Click to hide stack frames")'>Click to show all stack frames</a>
<div class='stack-trace' id='stack-trace1561005241'><pre>java.lang.AssertionError: expected [201] but found [500]
	at org.testng.Assert.fail(Assert.java:94)
	at org.testng.Assert.failNotEquals(Assert.java:494)
	at org.testng.Assert.assertEquals(Assert.java:123)
	at org.testng.Assert.assertEquals(Assert.java:370)
	at org.testng.Assert.assertEquals(Assert.java:380)
	at ObjectMapper.POSTCall1(ObjectMapper.java:37)
	at java.base/jdk.internal.reflect.NativeMethodAccessorImpl.invoke0(Native Method)
	at java.base/jdk.internal.reflect.NativeMethodAccessorImpl.invoke(NativeMethodAccessorImpl.java:64)
	at java.base/jdk.internal.reflect.DelegatingMethodAccessorImpl.invoke(DelegatingMethodAccessorImpl.java:43)
	at java.base/java.lang.reflect.Method.invoke(Method.java:564)
	at org.testng.internal.MethodInvocationHelper.invokeMethod(MethodInvocationHelper.java:80)
	at org.testng.internal.Invoker.invokeMethod(Invoker.java:714)
	at org.testng.internal.Invoker.invokeTestMethod(Invoker.java:901)
	at org.testng.internal.Invoker.invokeTestMethods(Invoker.java:1231)
	at org.testng.internal.TestMethodWorker.invokeTestMethods(TestMethodWorker.java:127)
	at org.testng.internal.TestMethodWorker.run(TestMethodWorker.java:111)
	at org.testng.TestRunner.privateRun(TestRunner.java:767)
	at org.testng.TestRunner.run(TestRunner.java:617)
	at org.testng.SuiteRunner.runTest(SuiteRunner.java:334)
	at org.testng.SuiteRunner.runSequentially(SuiteRunner.java:329)
	at org.testng.SuiteRunner.privateRun(SuiteRunner.java:291)
	at org.testng.SuiteRunner.run(SuiteRunner.java:240)
	at org.testng.SuiteRunnerWorker.runSuite(SuiteRunnerWorker.java:52)
	at org.testng.SuiteRunnerWorker.run(SuiteRunnerWorker.java:86)
	at org.testng.TestNG.runSuitesSequentially(TestNG.java:1198)
	at org.testng.TestNG.runSuitesLocally(TestNG.java:1123)
	at org.testng.TestNG.run(TestNG.java:1031)
	at org.testng.remote.AbstractRemoteTestNG.run(AbstractRemoteTestNG.java:115)
	at org.testng.remote.RemoteTestNG.initAndRun(RemoteTestNG.java:251)
	at org.testng.remote.RemoteTestNG.main(RemoteTestNG.java:77)
</pre></div></td>
<td>0</td>
<td>ObjectMapper@2ce6c6ec</td></tr>
</table><p>
<table width='100%' border='1' class='invocation-passed'>
<tr><td colspan='4' align='center'><b>PASSED TESTS</b></td></tr>
<tr><td><b>Test method</b></td>
<td width="30%"><b>Exception</b></td>
<td width="10%"><b>Time (seconds)</b></td>
<td><b>Instance</b></td>
</tr>
<tr>
<td title='TestAPIs.TestNG_DataProvider.POSTExample1()'><b>POSTExample1</b><br>Test class: TestAPIs.TestNG_DataProvider<br>Parameters: Arpita, majumdar</td>
<td></td>
<td>5</td>
<td>TestAPIs.TestNG_DataProvider@327af41b</td></tr>
<tr>
<td title='TestAPIs.TestNG_DataProvider.POSTExample2()'><b>POSTExample2</b><br>Test class: TestAPIs.TestNG_DataProvider<br>Parameters: APP, NEW</td>
<td></td>
<td>2</td>
<td>TestAPIs.TestNG_DataProvider@327af41b</td></tr>
<tr>
<td title='TestAPIs.TestNG_DataProvider.POSTExample2()'><b>POSTExample2</b><br>Test class: TestAPIs.TestNG_DataProvider<br>Parameters: ABC, 12</td>
<td></td>
<td>1</td>
<td>TestAPIs.TestNG_DataProvider@327af41b</td></tr>
<tr>
<td title='TestAPIs.TestNG_DataProvider.POSTExample2()'><b>POSTExample2</b><br>Test class: TestAPIs.TestNG_DataProvider<br>Parameters: Iam, Arpita</td>
<td></td>
<td>0</td>
<td>TestAPIs.TestNG_DataProvider@327af41b</td></tr>
<tr>
<td title='TestAPIs.TestNG_DataProvider.POSTExample2()'><b>POSTExample2</b><br>Test class: TestAPIs.TestNG_DataProvider<br>Parameters: abc, xyz</td>
<td></td>
<td>1</td>
<td>TestAPIs.TestNG_DataProvider@327af41b</td></tr>
<tr>
<td title='TestAPIs.TestNG_DataProvider.POSTExample2()'><b>POSTExample2</b><br>Test class: TestAPIs.TestNG_DataProvider<br>Parameters: do, nothing</td>
<td></td>
<td>0</td>
<td>TestAPIs.TestNG_DataProvider@327af41b</td></tr>
<tr>
<td title='TestAPIs.GETCall.POSTTest()'><b>POSTTest</b><br>Test class: TestAPIs.GETCall</td>
<td></td>
<td>1</td>
<td>TestAPIs.GETCall@147a5d08</td></tr>
<tr>
<td title='TestAPIs.POST_Tests.getRecords()'><b>getRecords</b><br>Test class: TestAPIs.POST_Tests</td>
<td></td>
<td>0</td>
<td>TestAPIs.POST_Tests@1bae316d</td></tr>
<tr>
<td title='TestAPIs.GETCall.getcalltest()'><b>getcalltest</b><br>Test class: TestAPIs.GETCall</td>
<td></td>
<td>0</td>
<td>TestAPIs.GETCall@147a5d08</td></tr>
<tr>
<td title='TestAPIs.POST_Tests.postdata()'><b>postdata</b><br>Test class: TestAPIs.POST_Tests<br>Parameters: cube, arpita, 101</td>
<td></td>
<td>0</td>
<td>TestAPIs.POST_Tests@1bae316d</td></tr>
<tr>
<td title='TestAPIs.POST_Tests.postdata()'><b>postdata</b><br>Test class: TestAPIs.POST_Tests<br>Parameters: status, Chemestry, 102</td>
<td></td>
<td>0</td>
<td>TestAPIs.POST_Tests@1bae316d</td></tr>
<tr>
<td title='TestAPIs.POST_Tests.postdata()'><b>postdata</b><br>Test class: TestAPIs.POST_Tests<br>Parameters: roll, gem, 103</td>
<td></td>
<td>0</td>
<td>TestAPIs.POST_Tests@1bae316d</td></tr>
</table><p>
</body>
</html>